<?xml version="1.0" encoding="UTF-8"?>
<!-- Generated by org.testng.reporters.JUnitReportReporter -->
<testsuite skipped="0" hostname="Madhu" name="com.crm.qa.testcase.LoginPageTestCases" tests="2" failures="0" timestamp="22 Jan 2019 10:50:28 GMT" time="128.501" errors="0">
  <testcase name="Login" time="77.402" classname="com.crm.qa.testcase.LoginPageTestCases"/>
  <testcase name="Login" time="51.099" classname="com.crm.qa.testcase.LoginPageTestCases"/>
</testsuite> <!-- com.crm.qa.testcase.LoginPageTestCases -->
