<?xml version="1.0" encoding="UTF-8"?>
<!-- Generated by org.testng.reporters.JUnitReportReporter -->
<testsuite hostname="DESKTOP-JIPFCMB" name="ParameterTaskagain" tests="1" failures="0" timestamp="6 Jun 2018 07:54:16 GMT" time="24.660" errors="0">
  <testcase name="parameter" time="24.660" classname="ParameterTaskagain"/>
</testsuite> <!-- ParameterTaskagain -->
