<?xml version="1.0" encoding="UTF-8"?>
<!-- Generated by org.testng.reporters.JUnitReportReporter -->
<testsuite hostname="DESKTOP-JIPFCMB" name="RobotClass.RobotPractice" tests="1" failures="0" timestamp="31 May 2018 09:06:02 GMT" time="36.888" errors="0">
  <testcase name="naukri" time="36.888" classname="RobotClass.RobotPractice"/>
</testsuite> <!-- RobotClass.RobotPractice -->
