<?xml version="1.0" encoding="UTF-8"?>
<!-- Generated by org.testng.reporters.JUnitReportReporter -->
<testsuite hostname="DESKTOP-JIPFCMB" name="Tasks4618.ShortestPolyndrome" tests="1" failures="0" timestamp="14 Jun 2018 07:59:50 GMT" time="0.031" errors="0">
  <testcase name="cubic" time="0.031" classname="Tasks4618.ShortestPolyndrome"/>
</testsuite> <!-- Tasks4618.ShortestPolyndrome -->
