<?xml version="1.0" encoding="UTF-8"?>
<!-- Generated by org.testng.reporters.JUnitReportReporter -->
<testsuite hostname="DESKTOP-JIPFCMB" name="Tasks4618.sikuli" tests="1" failures="0" timestamp="12 Jun 2018 07:47:47 GMT" time="0.016" errors="0">
  <testcase name="pattern" time="0.016" classname="Tasks4618.sikuli"/>
</testsuite> <!-- Tasks4618.sikuli -->
