<?xml version="1.0" encoding="UTF-8"?>
<!-- Generated by org.testng.reporters.JUnitReportReporter -->
<testsuite hostname="DESKTOP-JIPFCMB" name="Tasks4618.browserstask" tests="2" failures="0" timestamp="5 Jun 2018 11:34:11 GMT" time="52.426" errors="0">
  <testcase name="browser1" time="39.099" classname="Tasks4618.browserstask"/>
  <testcase name="browser2" time="13.327" classname="Tasks4618.browserstask"/>
</testsuite> <!-- Tasks4618.browserstask -->
