<?xml version="1.0" encoding="UTF-8"?>
<!-- Generated by org.testng.reporters.JUnitReportReporter -->
<testsuite hostname="DESKTOP-JIPFCMB" name="ParameterTask" tests="1" failures="0" timestamp="6 Jun 2018 07:54:16 GMT" time="47.557" errors="0">
  <testcase name="login" time="47.557" classname="ParameterTask"/>
</testsuite> <!-- ParameterTask -->
