<?xml version="1.0" encoding="UTF-8"?>
<!-- Generated by org.testng.reporters.JUnitReportReporter -->
<testsuite hostname="DESKTOP-JIPFCMB" name="AllPractice2.RobotClass" tests="1" failures="0" timestamp="12 Jul 2018 11:37:11 GMT" time="28.730" errors="0">
  <testcase name="naukri" time="28.730" classname="AllPractice2.RobotClass"/>
</testsuite> <!-- AllPractice2.RobotClass -->
