<?xml version="1.0" encoding="UTF-8"?>
<!-- Generated by org.testng.reporters.JUnitReportReporter -->
<testsuite hostname="DESKTOP-JIPFCMB" name="AllPractice.seleniumPrac" tests="1" failures="0" timestamp="12 Jul 2018 07:44:14 GMT" time="34.909" errors="0">
  <testcase name="method" time="34.909" classname="AllPractice.seleniumPrac"/>
</testsuite> <!-- AllPractice.seleniumPrac -->
