<?xml version="1.0" encoding="UTF-8"?>
<!-- Generated by org.testng.reporters.JUnitReportReporter -->
<testsuite hostname="DESKTOP-JIPFCMB" name="TestNG.TestNGPractice" tests="1" failures="0" timestamp="22 Jun 2018 10:50:30 GMT" time="0.016" errors="0">
  <testcase name="mul" time="0.016" classname="TestNG.TestNGPractice"/>
</testsuite> <!-- TestNG.TestNGPractice -->
