<?xml version="1.0" encoding="UTF-8"?>
<!-- Generated by org.testng.reporters.JUnitReportReporter -->
<testsuite hostname="DESKTOP-JIPFCMB" name="AllPractice2.SikuliPractice2" tests="1" failures="0" timestamp="13 Jul 2018 09:55:48 GMT" time="45.743" errors="0">
  <testcase name="sikuli" time="45.743" classname="AllPractice2.SikuliPractice2"/>
</testsuite> <!-- AllPractice2.SikuliPractice2 -->
