<?xml version="1.0" encoding="UTF-8"?>
<!-- Generated by org.testng.reporters.JUnitReportReporter -->
<testsuite hostname="DESKTOP-JIPFCMB" name="Tasks4618.ReporterLog" tests="1" failures="0" timestamp="10 Jul 2018 11:48:37 GMT" time="0.020" errors="0">
  <testcase name="pattern" time="0.020" classname="Tasks4618.ReporterLog"/>
</testsuite> <!-- Tasks4618.ReporterLog -->
